2023-12-19 02:07:50,729 - root - INFO - dataset_dir: /ssd1tb_00/byeonginjoung/dataset/ddpnerf_data/scenes
2023-12-19 02:07:50,729 - root - INFO - name_scene: scene0710_00
2023-12-19 02:07:50,729 - root - INFO - scene_sizes: [[-1.5, 1.8], [-1.5, 1.3], [-1.5, 1.2]]
2023-12-19 02:07:50,729 - root - INFO - voxel_sizes: [0.011, 0.08, 0.24, 0.48]
2023-12-19 02:07:50,729 - root - INFO - sdf_feature_dim: [8, 4, 4, 4]
2023-12-19 02:07:50,729 - root - INFO - rgb_feature_dim: [12, 4, 4, 4]
2023-12-19 02:07:50,729 - root - INFO - near: 0.1
2023-12-19 02:07:50,729 - root - INFO - far: 8.0
2023-12-19 02:07:50,729 - root - INFO - batch_size: 4096
2023-12-19 02:07:50,729 - root - INFO - seed: 1234
2023-12-19 02:07:50,729 - root - INFO - iterations: 10000
2023-12-19 02:07:50,729 - root - INFO - iter_print: 100
2023-12-19 02:07:50,729 - root - INFO - iter_viz: 500
2023-12-19 02:07:50,729 - root - INFO - iter_eval: 500
2023-12-19 02:07:50,729 - root - INFO - iter_save: 11000
2023-12-19 02:07:50,729 - root - INFO - lr: {'decoder': 0.001, 'features': 0.01, 'inv_s': 0.001}
2023-12-19 02:07:50,729 - root - INFO - rendering: {'H': 468, 'W': 624, 'flip_x': False, 'flip_y': False, 'inverse_y': False}
2023-12-19 02:07:50,730 - root - INFO - crop: 0
2023-12-19 02:07:50,730 - root - INFO - geometry: {'W': 128, 'D': 1, 'skips': [], 'n_freq': 4}
2023-12-19 02:07:50,730 - root - INFO - radiance: {'W': 256, 'D': 1, 'skips': [], 'n_freq': 4}
2023-12-19 02:07:50,730 - root - INFO - color_weight: 1.0
2023-12-19 02:07:50,730 - root - INFO - depth_weight: 0.12
2023-12-19 02:07:50,730 - root - INFO - normal_weight: 0.1
2023-12-19 02:07:50,730 - root - INFO - asdf_weight: 0.2
2023-12-19 02:07:50,730 - root - INFO - eikonal_weight: 0.15
2023-12-19 02:07:50,730 - root - INFO - use_eikonal_only: False
2023-12-19 02:07:50,730 - root - INFO - asdf_loss: {'growing_trunc_init_val': 8, 'growing_trunc_last_iter': 150, 'growing_trunc_last_val': 0.02}
2023-12-19 02:07:50,730 - root - INFO - n_samples: 128
2023-12-19 02:07:50,730 - root - INFO - n_importance: 64
2023-12-19 02:07:50,730 - root - INFO - n_importance_step_size: 16
2023-12-19 02:07:50,730 - root - INFO - inv_s: 0.3
2023-12-19 02:07:50,730 - root - INFO - name_log: base
2023-12-19 02:07:50,730 - root - INFO - dataset: scannet
2023-12-19 02:07:50,730 - root - INFO - start_iter: 0
2023-12-19 02:07:50,730 - root - INFO - log_dir: logs/scene0710_00/base
2023-12-19 02:08:03,361 - root - INFO - init_geo 000/500 | loss: 0.29324063658714294
2023-12-19 02:08:11,779 - root - INFO - init_geo 100/500 | loss: 7.925055979285389e-05
2023-12-19 02:08:20,184 - root - INFO - init_geo 200/500 | loss: 1.054656968335621e-05
2023-12-19 02:08:28,578 - root - INFO - init_geo 300/500 | loss: 5.168520601728233e-06
2023-12-19 02:08:59,703 - root - INFO - 
Iter: 100 | pnsr: 19.334839 | color: 0.011655 | depth: 0.036482 | asdf: 0.293754 | eikonal: 0.021205
2023-12-19 02:09:22,177 - root - INFO - 
Iter: 200 | pnsr: 21.708969 | color: 0.006747 | depth: 0.013076 | asdf: 0.002369 | eikonal: 0.012376
2023-12-19 02:09:44,606 - root - INFO - 
Iter: 300 | pnsr: 23.525505 | color: 0.004441 | depth: 0.008791 | asdf: 0.002352 | eikonal: 0.009313
2023-12-19 02:10:07,081 - root - INFO - 
Iter: 400 | pnsr: 24.261240 | color: 0.003749 | depth: 0.008997 | asdf: 0.002246 | eikonal: 0.007689
2023-12-19 02:10:29,573 - root - INFO - 
Iter: 500 | pnsr: 24.955681 | color: 0.003195 | depth: 0.008193 | asdf: 0.002203 | eikonal: 0.006768
2023-12-19 02:12:14,093 - root - INFO - Eval scene0710_00 base
2023-12-19 02:12:58,647 - root - INFO - -------------------------Eval--------------------------
2023-12-19 02:12:58,647 - root - INFO - iter 500 || img0: PSNR 18.052 || lpips 0.502 || ssim 0.541
2023-12-19 02:12:58,647 - root - INFO - iter 500 || img1: PSNR 19.539 || lpips 0.498 || ssim 0.575
2023-12-19 02:12:58,647 - root - INFO - iter 500 || img2: PSNR 23.754 || lpips 0.474 || ssim 0.688
2023-12-19 02:12:58,647 - root - INFO - iter 500 || img3: PSNR 22.722 || lpips 0.472 || ssim 0.674
2023-12-19 02:12:58,647 - root - INFO - iter 500 || img4: PSNR 22.713 || lpips 0.480 || ssim 0.677
2023-12-19 02:12:58,647 - root - INFO - iter 500 || img5: PSNR 21.551 || lpips 0.502 || ssim 0.683
2023-12-19 02:12:58,647 - root - INFO - iter 500 || img6: PSNR 18.607 || lpips 0.595 || ssim 0.632
2023-12-19 02:12:58,647 - root - INFO - iter 500 || img7: PSNR 19.586 || lpips 0.495 || ssim 0.669
2023-12-19 02:12:58,672 - root - INFO - iter 500 || Test: PSNR 20.815 || lpips 0.502 || ssim 0.642 || rmse 0.105
2023-12-19 02:13:21,168 - root - INFO - 
Iter: 600 | pnsr: 25.382521 | color: 0.002896 | depth: 0.008343 | asdf: 0.002109 | eikonal: 0.005890
2023-12-19 02:13:43,602 - root - INFO - 
Iter: 700 | pnsr: 25.846016 | color: 0.002603 | depth: 0.007408 | asdf: 0.002055 | eikonal: 0.005454
2023-12-19 02:14:06,069 - root - INFO - 
Iter: 800 | pnsr: 25.934805 | color: 0.002550 | depth: 0.008311 | asdf: 0.002054 | eikonal: 0.005238
2023-12-19 02:14:28,516 - root - INFO - 
Iter: 900 | pnsr: 26.523289 | color: 0.002227 | depth: 0.008874 | asdf: 0.002018 | eikonal: 0.004981
2023-12-19 02:14:51,009 - root - INFO - 
Iter: 1000 | pnsr: 26.628981 | color: 0.002173 | depth: 0.008469 | asdf: 0.002008 | eikonal: 0.004723
2023-12-19 02:16:35,210 - root - INFO - Eval scene0710_00 base
2023-12-19 02:17:19,406 - root - INFO - -------------------------Eval--------------------------
2023-12-19 02:17:19,406 - root - INFO - iter 1000 || img0: PSNR 19.233 || lpips 0.399 || ssim 0.608
2023-12-19 02:17:19,406 - root - INFO - iter 1000 || img1: PSNR 19.742 || lpips 0.455 || ssim 0.589
2023-12-19 02:17:19,406 - root - INFO - iter 1000 || img2: PSNR 24.237 || lpips 0.388 || ssim 0.706
2023-12-19 02:17:19,406 - root - INFO - iter 1000 || img3: PSNR 23.119 || lpips 0.394 || ssim 0.691
2023-12-19 02:17:19,406 - root - INFO - iter 1000 || img4: PSNR 23.082 || lpips 0.399 || ssim 0.694
2023-12-19 02:17:19,406 - root - INFO - iter 1000 || img5: PSNR 21.748 || lpips 0.441 || ssim 0.703
2023-12-19 02:17:19,406 - root - INFO - iter 1000 || img6: PSNR 19.000 || lpips 0.536 || ssim 0.662
2023-12-19 02:17:19,406 - root - INFO - iter 1000 || img7: PSNR 20.856 || lpips 0.434 || ssim 0.697
2023-12-19 02:17:19,434 - root - INFO - iter 1000 || Test: PSNR 21.377 || lpips 0.431 || ssim 0.669 || rmse 0.102
2023-12-19 02:17:41,881 - root - INFO - 
Iter: 1100 | pnsr: 27.431789 | color: 0.001806 | depth: 0.007722 | asdf: 0.002057 | eikonal: 0.004659
2023-12-19 02:18:04,360 - root - INFO - 
Iter: 1200 | pnsr: 27.090012 | color: 0.001954 | depth: 0.007404 | asdf: 0.001951 | eikonal: 0.004446
2023-12-19 02:18:26,832 - root - INFO - 
Iter: 1300 | pnsr: 27.365694 | color: 0.001834 | depth: 0.006565 | asdf: 0.001977 | eikonal: 0.004354
2023-12-19 02:18:49,322 - root - INFO - 
Iter: 1400 | pnsr: 27.416363 | color: 0.001813 | depth: 0.008489 | asdf: 0.001966 | eikonal: 0.004318
2023-12-19 02:19:11,748 - root - INFO - 
Iter: 1500 | pnsr: 27.848061 | color: 0.001641 | depth: 0.007944 | asdf: 0.001851 | eikonal: 0.004227
2023-12-19 02:20:55,843 - root - INFO - Eval scene0710_00 base
2023-12-19 02:21:40,384 - root - INFO - -------------------------Eval--------------------------
2023-12-19 02:21:40,385 - root - INFO - iter 1500 || img0: PSNR 19.323 || lpips 0.354 || ssim 0.625
2023-12-19 02:21:40,385 - root - INFO - iter 1500 || img1: PSNR 19.650 || lpips 0.433 || ssim 0.582
2023-12-19 02:21:40,385 - root - INFO - iter 1500 || img2: PSNR 25.040 || lpips 0.311 || ssim 0.716
2023-12-19 02:21:40,385 - root - INFO - iter 1500 || img3: PSNR 23.884 || lpips 0.325 || ssim 0.703
2023-12-19 02:21:40,385 - root - INFO - iter 1500 || img4: PSNR 23.858 || lpips 0.326 || ssim 0.708
2023-12-19 02:21:40,385 - root - INFO - iter 1500 || img5: PSNR 21.813 || lpips 0.411 || ssim 0.705
2023-12-19 02:21:40,385 - root - INFO - iter 1500 || img6: PSNR 19.052 || lpips 0.481 || ssim 0.671
2023-12-19 02:21:40,385 - root - INFO - iter 1500 || img7: PSNR 21.752 || lpips 0.374 || ssim 0.710
2023-12-19 02:21:40,428 - root - INFO - iter 1500 || Test: PSNR 21.797 || lpips 0.377 || ssim 0.677 || rmse 0.103
2023-12-19 02:22:02,914 - root - INFO - 
Iter: 1600 | pnsr: 28.441841 | color: 0.001432 | depth: 0.006800 | asdf: 0.001890 | eikonal: 0.004121
2023-12-19 02:22:25,410 - root - INFO - 
Iter: 1700 | pnsr: 27.882671 | color: 0.001628 | depth: 0.008088 | asdf: 0.001841 | eikonal: 0.003983
2023-12-19 02:22:47,856 - root - INFO - 
Iter: 1800 | pnsr: 28.254902 | color: 0.001495 | depth: 0.008103 | asdf: 0.001846 | eikonal: 0.003859
2023-12-19 02:23:10,293 - root - INFO - 
Iter: 1900 | pnsr: 28.437832 | color: 0.001433 | depth: 0.006589 | asdf: 0.001824 | eikonal: 0.003815
2023-12-19 02:23:32,765 - root - INFO - 
Iter: 2000 | pnsr: 28.241821 | color: 0.001499 | depth: 0.008024 | asdf: 0.001820 | eikonal: 0.003853
2023-12-19 02:25:16,710 - root - INFO - Eval scene0710_00 base
2023-12-19 02:26:00,881 - root - INFO - -------------------------Eval--------------------------
2023-12-19 02:26:00,881 - root - INFO - iter 2000 || img0: PSNR 19.517 || lpips 0.333 || ssim 0.632
2023-12-19 02:26:00,881 - root - INFO - iter 2000 || img1: PSNR 19.902 || lpips 0.415 || ssim 0.580
2023-12-19 02:26:00,881 - root - INFO - iter 2000 || img2: PSNR 25.230 || lpips 0.280 || ssim 0.718
2023-12-19 02:26:00,881 - root - INFO - iter 2000 || img3: PSNR 23.994 || lpips 0.294 || ssim 0.708
2023-12-19 02:26:00,881 - root - INFO - iter 2000 || img4: PSNR 23.915 || lpips 0.286 || ssim 0.714
2023-12-19 02:26:00,881 - root - INFO - iter 2000 || img5: PSNR 21.786 || lpips 0.397 || ssim 0.706
2023-12-19 02:26:00,881 - root - INFO - iter 2000 || img6: PSNR 19.127 || lpips 0.457 || ssim 0.674
2023-12-19 02:26:00,881 - root - INFO - iter 2000 || img7: PSNR 22.179 || lpips 0.350 || ssim 0.714
2023-12-19 02:26:00,904 - root - INFO - iter 2000 || Test: PSNR 21.956 || lpips 0.351 || ssim 0.681 || rmse 0.101
2023-12-19 02:26:23,432 - root - INFO - 
Iter: 2100 | pnsr: 28.441437 | color: 0.001432 | depth: 0.007134 | asdf: 0.001876 | eikonal: 0.003680
2023-12-19 02:26:45,910 - root - INFO - 
Iter: 2200 | pnsr: 28.564581 | color: 0.001392 | depth: 0.006883 | asdf: 0.001823 | eikonal: 0.003727
2023-12-19 02:27:08,418 - root - INFO - 
Iter: 2300 | pnsr: 28.808725 | color: 0.001316 | depth: 0.006863 | asdf: 0.001822 | eikonal: 0.003588
2023-12-19 02:27:30,953 - root - INFO - 
Iter: 2400 | pnsr: 29.035404 | color: 0.001249 | depth: 0.007462 | asdf: 0.001698 | eikonal: 0.003593
2023-12-19 02:27:53,366 - root - INFO - 
Iter: 2500 | pnsr: 28.902422 | color: 0.001288 | depth: 0.006909 | asdf: 0.001728 | eikonal: 0.003542
2023-12-19 02:29:37,638 - root - INFO - Eval scene0710_00 base
2023-12-19 02:30:21,960 - root - INFO - -------------------------Eval--------------------------
2023-12-19 02:30:21,960 - root - INFO - iter 2500 || img0: PSNR 19.577 || lpips 0.325 || ssim 0.642
2023-12-19 02:30:21,960 - root - INFO - iter 2500 || img1: PSNR 19.857 || lpips 0.410 || ssim 0.584
2023-12-19 02:30:21,960 - root - INFO - iter 2500 || img2: PSNR 25.702 || lpips 0.260 || ssim 0.725
2023-12-19 02:30:21,960 - root - INFO - iter 2500 || img3: PSNR 24.174 || lpips 0.277 || ssim 0.713
2023-12-19 02:30:21,960 - root - INFO - iter 2500 || img4: PSNR 24.039 || lpips 0.274 || ssim 0.718
2023-12-19 02:30:21,960 - root - INFO - iter 2500 || img5: PSNR 21.661 || lpips 0.386 || ssim 0.709
2023-12-19 02:30:21,961 - root - INFO - iter 2500 || img6: PSNR 19.149 || lpips 0.440 || ssim 0.678
2023-12-19 02:30:21,961 - root - INFO - iter 2500 || img7: PSNR 23.145 || lpips 0.327 || ssim 0.719
2023-12-19 02:30:21,985 - root - INFO - iter 2500 || Test: PSNR 22.163 || lpips 0.337 || ssim 0.686 || rmse 0.101
2023-12-19 02:30:44,474 - root - INFO - 
Iter: 2600 | pnsr: 28.853741 | color: 0.001302 | depth: 0.006639 | asdf: 0.001842 | eikonal: 0.003665
2023-12-19 02:31:06,956 - root - INFO - 
Iter: 2700 | pnsr: 28.868397 | color: 0.001298 | depth: 0.007511 | asdf: 0.001791 | eikonal: 0.003528
2023-12-19 02:31:29,424 - root - INFO - 
Iter: 2800 | pnsr: 29.277641 | color: 0.001181 | depth: 0.007501 | asdf: 0.001773 | eikonal: 0.003496
2023-12-19 02:31:51,909 - root - INFO - 
Iter: 2900 | pnsr: 29.772568 | color: 0.001054 | depth: 0.007007 | asdf: 0.001753 | eikonal: 0.003519
2023-12-19 02:32:14,435 - root - INFO - 
Iter: 3000 | pnsr: 29.665449 | color: 0.001080 | depth: 0.006783 | asdf: 0.001725 | eikonal: 0.003468
2023-12-19 02:33:58,839 - root - INFO - Eval scene0710_00 base
2023-12-19 02:34:43,300 - root - INFO - -------------------------Eval--------------------------
2023-12-19 02:34:43,301 - root - INFO - iter 3000 || img0: PSNR 19.480 || lpips 0.318 || ssim 0.643
2023-12-19 02:34:43,301 - root - INFO - iter 3000 || img1: PSNR 19.878 || lpips 0.402 || ssim 0.578
2023-12-19 02:34:43,301 - root - INFO - iter 3000 || img2: PSNR 25.561 || lpips 0.250 || ssim 0.724
2023-12-19 02:34:43,301 - root - INFO - iter 3000 || img3: PSNR 23.851 || lpips 0.272 || ssim 0.711
2023-12-19 02:34:43,301 - root - INFO - iter 3000 || img4: PSNR 23.598 || lpips 0.267 || ssim 0.716
2023-12-19 02:34:43,301 - root - INFO - iter 3000 || img5: PSNR 21.643 || lpips 0.379 || ssim 0.709
2023-12-19 02:34:43,301 - root - INFO - iter 3000 || img6: PSNR 19.167 || lpips 0.427 || ssim 0.680
2023-12-19 02:34:43,301 - root - INFO - iter 3000 || img7: PSNR 22.755 || lpips 0.313 || ssim 0.722
2023-12-19 02:34:43,325 - root - INFO - iter 3000 || Test: PSNR 21.992 || lpips 0.328 || ssim 0.685 || rmse 0.102
2023-12-19 02:35:05,835 - root - INFO - 
Iter: 3100 | pnsr: 29.724516 | color: 0.001065 | depth: 0.006167 | asdf: 0.001740 | eikonal: 0.003506
2023-12-19 02:35:28,358 - root - INFO - 
Iter: 3200 | pnsr: 29.909472 | color: 0.001021 | depth: 0.006941 | asdf: 0.001732 | eikonal: 0.003416
2023-12-19 02:35:50,861 - root - INFO - 
Iter: 3300 | pnsr: 29.833704 | color: 0.001039 | depth: 0.006882 | asdf: 0.001776 | eikonal: 0.003407
2023-12-19 02:36:13,407 - root - INFO - 
Iter: 3400 | pnsr: 29.746521 | color: 0.001060 | depth: 0.007267 | asdf: 0.001687 | eikonal: 0.003346
2023-12-19 02:36:35,944 - root - INFO - 
Iter: 3500 | pnsr: 29.978165 | color: 0.001005 | depth: 0.007025 | asdf: 0.001656 | eikonal: 0.003445
2023-12-19 02:38:20,047 - root - INFO - Eval scene0710_00 base
2023-12-19 02:39:04,389 - root - INFO - -------------------------Eval--------------------------
2023-12-19 02:39:04,389 - root - INFO - iter 3500 || img0: PSNR 19.373 || lpips 0.308 || ssim 0.650
2023-12-19 02:39:04,389 - root - INFO - iter 3500 || img1: PSNR 19.636 || lpips 0.402 || ssim 0.579
2023-12-19 02:39:04,389 - root - INFO - iter 3500 || img2: PSNR 25.993 || lpips 0.250 || ssim 0.726
2023-12-19 02:39:04,390 - root - INFO - iter 3500 || img3: PSNR 24.168 || lpips 0.267 || ssim 0.712
2023-12-19 02:39:04,390 - root - INFO - iter 3500 || img4: PSNR 23.934 || lpips 0.261 || ssim 0.716
2023-12-19 02:39:04,390 - root - INFO - iter 3500 || img5: PSNR 21.749 || lpips 0.370 || ssim 0.718
2023-12-19 02:39:04,390 - root - INFO - iter 3500 || img6: PSNR 18.967 || lpips 0.422 || ssim 0.679
2023-12-19 02:39:04,390 - root - INFO - iter 3500 || img7: PSNR 23.143 || lpips 0.308 || ssim 0.722
2023-12-19 02:39:04,419 - root - INFO - iter 3500 || Test: PSNR 22.120 || lpips 0.324 || ssim 0.688 || rmse 0.105
2023-12-19 02:39:26,917 - root - INFO - 
Iter: 3600 | pnsr: 29.923290 | color: 0.001018 | depth: 0.007572 | asdf: 0.001673 | eikonal: 0.003390
2023-12-19 02:39:49,422 - root - INFO - 
Iter: 3700 | pnsr: 29.696899 | color: 0.001072 | depth: 0.006508 | asdf: 0.001758 | eikonal: 0.003481
2023-12-19 02:40:11,961 - root - INFO - 
Iter: 3800 | pnsr: 30.330250 | color: 0.000927 | depth: 0.006745 | asdf: 0.001632 | eikonal: 0.003303
2023-12-19 02:40:34,432 - root - INFO - 
Iter: 3900 | pnsr: 30.415478 | color: 0.000909 | depth: 0.007211 | asdf: 0.001667 | eikonal: 0.003551
2023-12-19 02:40:56,945 - root - INFO - 
Iter: 4000 | pnsr: 30.358646 | color: 0.000921 | depth: 0.006595 | asdf: 0.001663 | eikonal: 0.003463
2023-12-19 02:42:40,645 - root - INFO - Eval scene0710_00 base
2023-12-19 02:43:25,109 - root - INFO - -------------------------Eval--------------------------
2023-12-19 02:43:25,110 - root - INFO - iter 4000 || img0: PSNR 19.250 || lpips 0.304 || ssim 0.652
2023-12-19 02:43:25,110 - root - INFO - iter 4000 || img1: PSNR 19.429 || lpips 0.403 || ssim 0.577
2023-12-19 02:43:25,110 - root - INFO - iter 4000 || img2: PSNR 25.845 || lpips 0.253 || ssim 0.722
2023-12-19 02:43:25,110 - root - INFO - iter 4000 || img3: PSNR 23.938 || lpips 0.277 || ssim 0.704
2023-12-19 02:43:25,110 - root - INFO - iter 4000 || img4: PSNR 23.659 || lpips 0.271 || ssim 0.708
2023-12-19 02:43:25,110 - root - INFO - iter 4000 || img5: PSNR 21.612 || lpips 0.364 || ssim 0.723
2023-12-19 02:43:25,110 - root - INFO - iter 4000 || img6: PSNR 18.959 || lpips 0.420 || ssim 0.678
2023-12-19 02:43:25,110 - root - INFO - iter 4000 || img7: PSNR 23.223 || lpips 0.304 || ssim 0.719
2023-12-19 02:43:25,139 - root - INFO - iter 4000 || Test: PSNR 21.989 || lpips 0.325 || ssim 0.685 || rmse 0.111
2023-12-19 02:43:47,667 - root - INFO - 
Iter: 4100 | pnsr: 30.256897 | color: 0.000943 | depth: 0.006855 | asdf: 0.001651 | eikonal: 0.003440
2023-12-19 02:44:10,191 - root - INFO - 
Iter: 4200 | pnsr: 30.554485 | color: 0.000880 | depth: 0.006184 | asdf: 0.001605 | eikonal: 0.003496
2023-12-19 02:44:32,684 - root - INFO - 
Iter: 4300 | pnsr: 30.502695 | color: 0.000891 | depth: 0.006085 | asdf: 0.001585 | eikonal: 0.003654
2023-12-19 02:44:55,136 - root - INFO - 
Iter: 4400 | pnsr: 30.544031 | color: 0.000882 | depth: 0.006875 | asdf: 0.001630 | eikonal: 0.003551
2023-12-19 02:45:17,663 - root - INFO - 
Iter: 4500 | pnsr: 30.734612 | color: 0.000844 | depth: 0.006564 | asdf: 0.001620 | eikonal: 0.003652
2023-12-19 02:47:01,930 - root - INFO - Eval scene0710_00 base
2023-12-19 02:47:46,729 - root - INFO - -------------------------Eval--------------------------
2023-12-19 02:47:46,729 - root - INFO - iter 4500 || img0: PSNR 19.124 || lpips 0.294 || ssim 0.654
2023-12-19 02:47:46,729 - root - INFO - iter 4500 || img1: PSNR 19.324 || lpips 0.397 || ssim 0.574
2023-12-19 02:47:46,729 - root - INFO - iter 4500 || img2: PSNR 26.380 || lpips 0.243 || ssim 0.728
2023-12-19 02:47:46,730 - root - INFO - iter 4500 || img3: PSNR 24.332 || lpips 0.262 || ssim 0.710
2023-12-19 02:47:46,730 - root - INFO - iter 4500 || img4: PSNR 23.974 || lpips 0.256 || ssim 0.715
2023-12-19 02:47:46,730 - root - INFO - iter 4500 || img5: PSNR 21.518 || lpips 0.363 || ssim 0.720
2023-12-19 02:47:46,730 - root - INFO - iter 4500 || img6: PSNR 19.032 || lpips 0.415 || ssim 0.678
2023-12-19 02:47:46,730 - root - INFO - iter 4500 || img7: PSNR 23.570 || lpips 0.299 || ssim 0.721
2023-12-19 02:47:46,759 - root - INFO - iter 4500 || Test: PSNR 22.157 || lpips 0.316 || ssim 0.688 || rmse 0.108
2023-12-19 02:48:09,273 - root - INFO - 
Iter: 4600 | pnsr: 30.706057 | color: 0.000850 | depth: 0.006826 | asdf: 0.001621 | eikonal: 0.003559
2023-12-19 02:48:31,751 - root - INFO - 
Iter: 4700 | pnsr: 30.551105 | color: 0.000881 | depth: 0.006489 | asdf: 0.001698 | eikonal: 0.003756
2023-12-19 02:48:54,245 - root - INFO - 
Iter: 4800 | pnsr: 31.067320 | color: 0.000782 | depth: 0.006072 | asdf: 0.001546 | eikonal: 0.003643
2023-12-19 02:49:16,790 - root - INFO - 
Iter: 4900 | pnsr: 30.723385 | color: 0.000847 | depth: 0.006077 | asdf: 0.001625 | eikonal: 0.003660
2023-12-19 02:49:39,336 - root - INFO - 
Iter: 5000 | pnsr: 30.772408 | color: 0.000837 | depth: 0.006876 | asdf: 0.001619 | eikonal: 0.003767
2023-12-19 02:51:23,526 - root - INFO - Eval scene0710_00 base
2023-12-19 02:52:07,936 - root - INFO - -------------------------Eval--------------------------
2023-12-19 02:52:07,936 - root - INFO - iter 5000 || img0: PSNR 19.019 || lpips 0.288 || ssim 0.654
2023-12-19 02:52:07,936 - root - INFO - iter 5000 || img1: PSNR 19.402 || lpips 0.395 || ssim 0.579
2023-12-19 02:52:07,937 - root - INFO - iter 5000 || img2: PSNR 26.273 || lpips 0.241 || ssim 0.728
2023-12-19 02:52:07,937 - root - INFO - iter 5000 || img3: PSNR 24.209 || lpips 0.259 || ssim 0.709
2023-12-19 02:52:07,937 - root - INFO - iter 5000 || img4: PSNR 23.908 || lpips 0.251 || ssim 0.713
2023-12-19 02:52:07,937 - root - INFO - iter 5000 || img5: PSNR 21.519 || lpips 0.355 || ssim 0.722
2023-12-19 02:52:07,937 - root - INFO - iter 5000 || img6: PSNR 18.945 || lpips 0.416 || ssim 0.676
2023-12-19 02:52:07,937 - root - INFO - iter 5000 || img7: PSNR 23.931 || lpips 0.292 || ssim 0.723
2023-12-19 02:52:07,968 - root - INFO - iter 5000 || Test: PSNR 22.151 || lpips 0.312 || ssim 0.688 || rmse 0.109
2023-12-19 02:52:30,412 - root - INFO - 
Iter: 5100 | pnsr: 31.345404 | color: 0.000734 | depth: 0.006697 | asdf: 0.001595 | eikonal: 0.003586
2023-12-19 02:52:52,939 - root - INFO - 
Iter: 5200 | pnsr: 31.141384 | color: 0.000769 | depth: 0.006504 | asdf: 0.001568 | eikonal: 0.003772
2023-12-19 02:53:15,495 - root - INFO - 
Iter: 5300 | pnsr: 31.210400 | color: 0.000757 | depth: 0.006617 | asdf: 0.001560 | eikonal: 0.003777
2023-12-19 02:53:37,993 - root - INFO - 
Iter: 5400 | pnsr: 31.557810 | color: 0.000699 | depth: 0.006265 | asdf: 0.001581 | eikonal: 0.003657
2023-12-19 02:54:00,497 - root - INFO - 
Iter: 5500 | pnsr: 31.580378 | color: 0.000695 | depth: 0.005974 | asdf: 0.001589 | eikonal: 0.003586
2023-12-19 02:55:44,813 - root - INFO - Eval scene0710_00 base
2023-12-19 02:56:29,323 - root - INFO - -------------------------Eval--------------------------
2023-12-19 02:56:29,324 - root - INFO - iter 5500 || img0: PSNR 18.849 || lpips 0.287 || ssim 0.654
2023-12-19 02:56:29,324 - root - INFO - iter 5500 || img1: PSNR 19.362 || lpips 0.387 || ssim 0.583
2023-12-19 02:56:29,324 - root - INFO - iter 5500 || img2: PSNR 26.034 || lpips 0.242 || ssim 0.727
2023-12-19 02:56:29,324 - root - INFO - iter 5500 || img3: PSNR 24.014 || lpips 0.263 || ssim 0.708
2023-12-19 02:56:29,324 - root - INFO - iter 5500 || img4: PSNR 23.709 || lpips 0.256 || ssim 0.712
2023-12-19 02:56:29,324 - root - INFO - iter 5500 || img5: PSNR 21.590 || lpips 0.349 || ssim 0.723
2023-12-19 02:56:29,324 - root - INFO - iter 5500 || img6: PSNR 18.902 || lpips 0.416 || ssim 0.675
2023-12-19 02:56:29,324 - root - INFO - iter 5500 || img7: PSNR 23.881 || lpips 0.294 || ssim 0.723
2023-12-19 02:56:29,350 - root - INFO - iter 5500 || Test: PSNR 22.043 || lpips 0.312 || ssim 0.688 || rmse 0.111
2023-12-19 02:56:51,842 - root - INFO - 
Iter: 5600 | pnsr: 31.151970 | color: 0.000767 | depth: 0.005759 | asdf: 0.001592 | eikonal: 0.003577
2023-12-19 02:57:14,317 - root - INFO - 
Iter: 5700 | pnsr: 31.448980 | color: 0.000716 | depth: 0.006242 | asdf: 0.001576 | eikonal: 0.003611
2023-12-19 02:57:36,830 - root - INFO - 
Iter: 5800 | pnsr: 31.776114 | color: 0.000664 | depth: 0.006255 | asdf: 0.001562 | eikonal: 0.003584
2023-12-19 02:57:59,348 - root - INFO - 
Iter: 5900 | pnsr: 31.370501 | color: 0.000729 | depth: 0.006899 | asdf: 0.001537 | eikonal: 0.003668
2023-12-19 02:58:21,881 - root - INFO - 
Iter: 6000 | pnsr: 31.698193 | color: 0.000676 | depth: 0.006529 | asdf: 0.001611 | eikonal: 0.003896
2023-12-19 03:00:06,695 - root - INFO - Eval scene0710_00 base
2023-12-19 03:00:51,443 - root - INFO - -------------------------Eval--------------------------
2023-12-19 03:00:51,443 - root - INFO - iter 6000 || img0: PSNR 18.751 || lpips 0.280 || ssim 0.660
2023-12-19 03:00:51,443 - root - INFO - iter 6000 || img1: PSNR 19.179 || lpips 0.386 || ssim 0.584
2023-12-19 03:00:51,443 - root - INFO - iter 6000 || img2: PSNR 26.218 || lpips 0.238 || ssim 0.729
2023-12-19 03:00:51,443 - root - INFO - iter 6000 || img3: PSNR 24.082 || lpips 0.257 || ssim 0.708
2023-12-19 03:00:51,443 - root - INFO - iter 6000 || img4: PSNR 23.745 || lpips 0.251 || ssim 0.711
2023-12-19 03:00:51,443 - root - INFO - iter 6000 || img5: PSNR 21.620 || lpips 0.349 || ssim 0.726
2023-12-19 03:00:51,443 - root - INFO - iter 6000 || img6: PSNR 18.857 || lpips 0.413 || ssim 0.678
2023-12-19 03:00:51,443 - root - INFO - iter 6000 || img7: PSNR 23.869 || lpips 0.292 || ssim 0.724
2023-12-19 03:00:51,469 - root - INFO - iter 6000 || Test: PSNR 22.040 || lpips 0.308 || ssim 0.690 || rmse 0.114
2023-12-19 03:01:14,067 - root - INFO - 
Iter: 6100 | pnsr: 31.676762 | color: 0.000680 | depth: 0.006260 | asdf: 0.001603 | eikonal: 0.003729
2023-12-19 03:01:36,616 - root - INFO - 
Iter: 6200 | pnsr: 31.225628 | color: 0.000754 | depth: 0.006156 | asdf: 0.001547 | eikonal: 0.003698
2023-12-19 03:01:59,164 - root - INFO - 
Iter: 6300 | pnsr: 31.838699 | color: 0.000655 | depth: 0.006154 | asdf: 0.001601 | eikonal: 0.003763
2023-12-19 03:02:21,715 - root - INFO - 
Iter: 6400 | pnsr: 31.601629 | color: 0.000692 | depth: 0.007266 | asdf: 0.001586 | eikonal: 0.003723
2023-12-19 03:02:44,209 - root - INFO - 
Iter: 6500 | pnsr: 31.880108 | color: 0.000649 | depth: 0.006598 | asdf: 0.001577 | eikonal: 0.003864
2023-12-19 03:04:28,590 - root - INFO - Eval scene0710_00 base
2023-12-19 03:05:13,152 - root - INFO - -------------------------Eval--------------------------
2023-12-19 03:05:13,152 - root - INFO - iter 6500 || img0: PSNR 18.659 || lpips 0.278 || ssim 0.659
2023-12-19 03:05:13,152 - root - INFO - iter 6500 || img1: PSNR 19.026 || lpips 0.386 || ssim 0.579
2023-12-19 03:05:13,153 - root - INFO - iter 6500 || img2: PSNR 26.139 || lpips 0.240 || ssim 0.728
2023-12-19 03:05:13,153 - root - INFO - iter 6500 || img3: PSNR 23.955 || lpips 0.265 || ssim 0.705
2023-12-19 03:05:13,153 - root - INFO - iter 6500 || img4: PSNR 23.705 || lpips 0.255 || ssim 0.709
2023-12-19 03:05:13,153 - root - INFO - iter 6500 || img5: PSNR 21.688 || lpips 0.344 || ssim 0.729
2023-12-19 03:05:13,153 - root - INFO - iter 6500 || img6: PSNR 18.732 || lpips 0.414 || ssim 0.676
2023-12-19 03:05:13,153 - root - INFO - iter 6500 || img7: PSNR 24.382 || lpips 0.289 || ssim 0.723
2023-12-19 03:05:13,176 - root - INFO - iter 6500 || Test: PSNR 22.036 || lpips 0.309 || ssim 0.689 || rmse 0.122
2023-12-19 03:05:35,691 - root - INFO - 
Iter: 6600 | pnsr: 31.666605 | color: 0.000681 | depth: 0.005702 | asdf: 0.001543 | eikonal: 0.003763
2023-12-19 03:05:58,213 - root - INFO - 
Iter: 6700 | pnsr: 31.993576 | color: 0.000632 | depth: 0.006184 | asdf: 0.001569 | eikonal: 0.003704
2023-12-19 03:06:20,747 - root - INFO - 
Iter: 6800 | pnsr: 31.953035 | color: 0.000638 | depth: 0.006025 | asdf: 0.001608 | eikonal: 0.004045
2023-12-19 03:06:43,308 - root - INFO - 
Iter: 6900 | pnsr: 31.508612 | color: 0.000707 | depth: 0.006218 | asdf: 0.001556 | eikonal: 0.003788
2023-12-19 03:07:05,860 - root - INFO - 
Iter: 7000 | pnsr: 31.973297 | color: 0.000635 | depth: 0.005984 | asdf: 0.001600 | eikonal: 0.003729
2023-12-19 03:08:50,171 - root - INFO - Eval scene0710_00 base
2023-12-19 03:09:34,546 - root - INFO - -------------------------Eval--------------------------
2023-12-19 03:09:34,546 - root - INFO - iter 7000 || img0: PSNR 18.567 || lpips 0.276 || ssim 0.658
2023-12-19 03:09:34,546 - root - INFO - iter 7000 || img1: PSNR 19.185 || lpips 0.379 || ssim 0.586
2023-12-19 03:09:34,546 - root - INFO - iter 7000 || img2: PSNR 25.750 || lpips 0.240 || ssim 0.726
2023-12-19 03:09:34,546 - root - INFO - iter 7000 || img3: PSNR 23.521 || lpips 0.257 || ssim 0.703
2023-12-19 03:09:34,546 - root - INFO - iter 7000 || img4: PSNR 23.209 || lpips 0.254 || ssim 0.707
2023-12-19 03:09:34,546 - root - INFO - iter 7000 || img5: PSNR 21.515 || lpips 0.344 || ssim 0.727
2023-12-19 03:09:34,546 - root - INFO - iter 7000 || img6: PSNR 18.709 || lpips 0.415 || ssim 0.676
2023-12-19 03:09:34,546 - root - INFO - iter 7000 || img7: PSNR 23.843 || lpips 0.289 || ssim 0.722
2023-12-19 03:09:34,569 - root - INFO - iter 7000 || Test: PSNR 21.787 || lpips 0.307 || ssim 0.688 || rmse 0.125
2023-12-19 03:09:57,114 - root - INFO - 
Iter: 7100 | pnsr: 31.781296 | color: 0.000664 | depth: 0.005599 | asdf: 0.001511 | eikonal: 0.003831
2023-12-19 03:10:19,666 - root - INFO - 
Iter: 7200 | pnsr: 32.118362 | color: 0.000614 | depth: 0.006209 | asdf: 0.001586 | eikonal: 0.003811
2023-12-19 03:10:42,214 - root - INFO - 
Iter: 7300 | pnsr: 31.931614 | color: 0.000641 | depth: 0.007053 | asdf: 0.001589 | eikonal: 0.003746
2023-12-19 03:11:04,777 - root - INFO - 
Iter: 7400 | pnsr: 31.973085 | color: 0.000635 | depth: 0.006202 | asdf: 0.001594 | eikonal: 0.003765
2023-12-19 03:11:27,302 - root - INFO - 
Iter: 7500 | pnsr: 32.134422 | color: 0.000612 | depth: 0.005962 | asdf: 0.001627 | eikonal: 0.003803
2023-12-19 03:13:12,357 - root - INFO - Eval scene0710_00 base
2023-12-19 03:13:57,528 - root - INFO - -------------------------Eval--------------------------
2023-12-19 03:13:57,529 - root - INFO - iter 7500 || img0: PSNR 18.482 || lpips 0.273 || ssim 0.659
2023-12-19 03:13:57,529 - root - INFO - iter 7500 || img1: PSNR 18.956 || lpips 0.378 || ssim 0.583
2023-12-19 03:13:57,529 - root - INFO - iter 7500 || img2: PSNR 26.082 || lpips 0.242 || ssim 0.726
2023-12-19 03:13:57,529 - root - INFO - iter 7500 || img3: PSNR 23.796 || lpips 0.260 || ssim 0.699
2023-12-19 03:13:57,529 - root - INFO - iter 7500 || img4: PSNR 23.481 || lpips 0.253 || ssim 0.702
2023-12-19 03:13:57,529 - root - INFO - iter 7500 || img5: PSNR 21.507 || lpips 0.342 || ssim 0.728
2023-12-19 03:13:57,529 - root - INFO - iter 7500 || img6: PSNR 18.607 || lpips 0.421 || ssim 0.674
2023-12-19 03:13:57,529 - root - INFO - iter 7500 || img7: PSNR 24.098 || lpips 0.291 || ssim 0.720
2023-12-19 03:13:57,558 - root - INFO - iter 7500 || Test: PSNR 21.876 || lpips 0.307 || ssim 0.686 || rmse 0.129
2023-12-19 03:14:20,227 - root - INFO - 
Iter: 7600 | pnsr: 32.148548 | color: 0.000610 | depth: 0.006342 | asdf: 0.001616 | eikonal: 0.003876
2023-12-19 03:14:42,861 - root - INFO - 
Iter: 7700 | pnsr: 31.971189 | color: 0.000635 | depth: 0.005896 | asdf: 0.001666 | eikonal: 0.003860
2023-12-19 03:15:05,434 - root - INFO - 
Iter: 7800 | pnsr: 32.034889 | color: 0.000626 | depth: 0.006564 | asdf: 0.001682 | eikonal: 0.004322
2023-12-19 03:15:28,074 - root - INFO - 
Iter: 7900 | pnsr: 32.303734 | color: 0.000588 | depth: 0.005729 | asdf: 0.001756 | eikonal: 0.004404
2023-12-19 03:15:50,697 - root - INFO - 
Iter: 8000 | pnsr: 32.159195 | color: 0.000608 | depth: 0.005649 | asdf: 0.001800 | eikonal: 0.004290
2023-12-19 03:17:35,770 - root - INFO - Eval scene0710_00 base
2023-12-19 03:18:20,825 - root - INFO - -------------------------Eval--------------------------
2023-12-19 03:18:20,825 - root - INFO - iter 8000 || img0: PSNR 18.518 || lpips 0.269 || ssim 0.659
2023-12-19 03:18:20,825 - root - INFO - iter 8000 || img1: PSNR 19.061 || lpips 0.372 || ssim 0.585
2023-12-19 03:18:20,825 - root - INFO - iter 8000 || img2: PSNR 25.764 || lpips 0.240 || ssim 0.724
2023-12-19 03:18:20,825 - root - INFO - iter 8000 || img3: PSNR 23.454 || lpips 0.261 || ssim 0.697
2023-12-19 03:18:20,825 - root - INFO - iter 8000 || img4: PSNR 23.202 || lpips 0.256 || ssim 0.700
2023-12-19 03:18:20,825 - root - INFO - iter 8000 || img5: PSNR 21.744 || lpips 0.344 || ssim 0.736
2023-12-19 03:18:20,825 - root - INFO - iter 8000 || img6: PSNR 18.657 || lpips 0.423 || ssim 0.676
2023-12-19 03:18:20,825 - root - INFO - iter 8000 || img7: PSNR 23.976 || lpips 0.296 || ssim 0.720
2023-12-19 03:18:20,851 - root - INFO - iter 8000 || Test: PSNR 21.797 || lpips 0.308 || ssim 0.687 || rmse 0.132
2023-12-19 03:18:43,472 - root - INFO - 
Iter: 8100 | pnsr: 32.501842 | color: 0.000562 | depth: 0.006464 | asdf: 0.001772 | eikonal: 0.004316
2023-12-19 03:19:06,031 - root - INFO - 
Iter: 8200 | pnsr: 32.318657 | color: 0.000586 | depth: 0.005779 | asdf: 0.001846 | eikonal: 0.004667
2023-12-19 03:19:28,660 - root - INFO - 
Iter: 8300 | pnsr: 32.564270 | color: 0.000554 | depth: 0.006482 | asdf: 0.001847 | eikonal: 0.004698
2023-12-19 03:19:51,276 - root - INFO - 
Iter: 8400 | pnsr: 32.261051 | color: 0.000594 | depth: 0.006128 | asdf: 0.001863 | eikonal: 0.004716
2023-12-19 03:20:13,966 - root - INFO - 
Iter: 8500 | pnsr: 32.277493 | color: 0.000592 | depth: 0.005950 | asdf: 0.001931 | eikonal: 0.004731
2023-12-19 03:21:58,967 - root - INFO - Eval scene0710_00 base
2023-12-19 03:22:43,147 - root - INFO - -------------------------Eval--------------------------
2023-12-19 03:22:43,147 - root - INFO - iter 8500 || img0: PSNR 18.414 || lpips 0.268 || ssim 0.660
2023-12-19 03:22:43,147 - root - INFO - iter 8500 || img1: PSNR 18.938 || lpips 0.374 || ssim 0.586
2023-12-19 03:22:43,147 - root - INFO - iter 8500 || img2: PSNR 25.410 || lpips 0.239 || ssim 0.725
2023-12-19 03:22:43,147 - root - INFO - iter 8500 || img3: PSNR 23.090 || lpips 0.261 || ssim 0.694
2023-12-19 03:22:43,147 - root - INFO - iter 8500 || img4: PSNR 22.853 || lpips 0.257 || ssim 0.697
2023-12-19 03:22:43,147 - root - INFO - iter 8500 || img5: PSNR 21.987 || lpips 0.348 || ssim 0.739
2023-12-19 03:22:43,147 - root - INFO - iter 8500 || img6: PSNR 18.649 || lpips 0.436 || ssim 0.678
2023-12-19 03:22:43,147 - root - INFO - iter 8500 || img7: PSNR 23.984 || lpips 0.297 || ssim 0.721
2023-12-19 03:22:43,174 - root - INFO - iter 8500 || Test: PSNR 21.666 || lpips 0.310 || ssim 0.687 || rmse 0.136
2023-12-19 03:23:05,671 - root - INFO - 
Iter: 8600 | pnsr: 32.272316 | color: 0.000593 | depth: 0.005968 | asdf: 0.002010 | eikonal: 0.004995
2023-12-19 03:23:28,222 - root - INFO - 
Iter: 8700 | pnsr: 32.252945 | color: 0.000595 | depth: 0.005243 | asdf: 0.001988 | eikonal: 0.005114
2023-12-19 03:23:50,798 - root - INFO - 
Iter: 8800 | pnsr: 32.275276 | color: 0.000592 | depth: 0.005770 | asdf: 0.002101 | eikonal: 0.005504
2023-12-19 03:24:13,317 - root - INFO - 
Iter: 8900 | pnsr: 32.210983 | color: 0.000601 | depth: 0.005643 | asdf: 0.002185 | eikonal: 0.005652
2023-12-19 03:24:35,759 - root - INFO - 
Iter: 9000 | pnsr: 31.833481 | color: 0.000656 | depth: 0.005641 | asdf: 0.002239 | eikonal: 0.006002
2023-12-19 03:26:20,079 - root - INFO - Eval scene0710_00 base
2023-12-19 03:27:04,184 - root - INFO - -------------------------Eval--------------------------
2023-12-19 03:27:04,184 - root - INFO - iter 9000 || img0: PSNR 18.337 || lpips 0.268 || ssim 0.659
2023-12-19 03:27:04,184 - root - INFO - iter 9000 || img1: PSNR 18.765 || lpips 0.372 || ssim 0.584
2023-12-19 03:27:04,184 - root - INFO - iter 9000 || img2: PSNR 25.558 || lpips 0.245 || ssim 0.726
2023-12-19 03:27:04,184 - root - INFO - iter 9000 || img3: PSNR 23.092 || lpips 0.270 || ssim 0.691
2023-12-19 03:27:04,184 - root - INFO - iter 9000 || img4: PSNR 22.815 || lpips 0.265 || ssim 0.691
2023-12-19 03:27:04,184 - root - INFO - iter 9000 || img5: PSNR 22.060 || lpips 0.351 || ssim 0.743
2023-12-19 03:27:04,184 - root - INFO - iter 9000 || img6: PSNR 18.574 || lpips 0.435 || ssim 0.676
2023-12-19 03:27:04,184 - root - INFO - iter 9000 || img7: PSNR 24.192 || lpips 0.300 || ssim 0.720
2023-12-19 03:27:04,210 - root - INFO - iter 9000 || Test: PSNR 21.674 || lpips 0.313 || ssim 0.686 || rmse 0.140
2023-12-19 03:27:26,790 - root - INFO - 
Iter: 9100 | pnsr: 32.418869 | color: 0.000573 | depth: 0.005286 | asdf: 0.002200 | eikonal: 0.006111
2023-12-19 03:27:49,317 - root - INFO - 
Iter: 9200 | pnsr: 32.506031 | color: 0.000562 | depth: 0.005570 | asdf: 0.002311 | eikonal: 0.006513
2023-12-19 03:28:11,935 - root - INFO - 
Iter: 9300 | pnsr: 32.202072 | color: 0.000602 | depth: 0.006319 | asdf: 0.002413 | eikonal: 0.006735
2023-12-19 03:28:34,557 - root - INFO - 
Iter: 9400 | pnsr: 32.207348 | color: 0.000602 | depth: 0.006481 | asdf: 0.002474 | eikonal: 0.006939
2023-12-19 03:28:57,134 - root - INFO - 
Iter: 9500 | pnsr: 32.163349 | color: 0.000608 | depth: 0.006507 | asdf: 0.002557 | eikonal: 0.007399
2023-12-19 03:30:41,305 - root - INFO - Eval scene0710_00 base
2023-12-19 03:31:25,666 - root - INFO - -------------------------Eval--------------------------
2023-12-19 03:31:25,666 - root - INFO - iter 9500 || img0: PSNR 18.361 || lpips 0.269 || ssim 0.656
2023-12-19 03:31:25,666 - root - INFO - iter 9500 || img1: PSNR 18.899 || lpips 0.368 || ssim 0.585
2023-12-19 03:31:25,666 - root - INFO - iter 9500 || img2: PSNR 25.134 || lpips 0.255 || ssim 0.726
2023-12-19 03:31:25,666 - root - INFO - iter 9500 || img3: PSNR 22.839 || lpips 0.284 || ssim 0.687
2023-12-19 03:31:25,666 - root - INFO - iter 9500 || img4: PSNR 22.575 || lpips 0.289 || ssim 0.687
2023-12-19 03:31:25,666 - root - INFO - iter 9500 || img5: PSNR 22.190 || lpips 0.351 || ssim 0.750
2023-12-19 03:31:25,666 - root - INFO - iter 9500 || img6: PSNR 18.571 || lpips 0.438 || ssim 0.676
2023-12-19 03:31:25,667 - root - INFO - iter 9500 || img7: PSNR 23.749 || lpips 0.296 || ssim 0.720
2023-12-19 03:31:25,698 - root - INFO - iter 9500 || Test: PSNR 21.540 || lpips 0.319 || ssim 0.686 || rmse 0.147
2023-12-19 03:31:48,281 - root - INFO - 
Iter: 9600 | pnsr: 32.286564 | color: 0.000591 | depth: 0.006385 | asdf: 0.002505 | eikonal: 0.007206
2023-12-19 03:32:10,794 - root - INFO - 
Iter: 9700 | pnsr: 32.114452 | color: 0.000615 | depth: 0.006090 | asdf: 0.002405 | eikonal: 0.006933
2023-12-19 03:32:33,313 - root - INFO - 
Iter: 9800 | pnsr: 32.811127 | color: 0.000523 | depth: 0.006030 | asdf: 0.002324 | eikonal: 0.006798
2023-12-19 03:32:55,882 - root - INFO - 
Iter: 9900 | pnsr: 32.280960 | color: 0.000591 | depth: 0.005971 | asdf: 0.002322 | eikonal: 0.007182
2023-12-19 03:33:18,479 - root - INFO - 
Iter: 10000 | pnsr: 32.456848 | color: 0.000568 | depth: 0.006034 | asdf: 0.002304 | eikonal: 0.006740
2023-12-19 03:35:02,680 - root - INFO - Eval scene0710_00 base
2023-12-19 03:35:47,190 - root - INFO - -------------------------Eval--------------------------
2023-12-19 03:35:47,190 - root - INFO - iter 10000 || img0: PSNR 18.347 || lpips 0.268 || ssim 0.652
2023-12-19 03:35:47,190 - root - INFO - iter 10000 || img1: PSNR 18.882 || lpips 0.366 || ssim 0.584
2023-12-19 03:35:47,190 - root - INFO - iter 10000 || img2: PSNR 25.077 || lpips 0.251 || ssim 0.725
2023-12-19 03:35:47,190 - root - INFO - iter 10000 || img3: PSNR 22.689 || lpips 0.271 || ssim 0.682
2023-12-19 03:35:47,191 - root - INFO - iter 10000 || img4: PSNR 22.496 || lpips 0.264 || ssim 0.685
2023-12-19 03:35:47,191 - root - INFO - iter 10000 || img5: PSNR 22.041 || lpips 0.350 || ssim 0.751
2023-12-19 03:35:47,191 - root - INFO - iter 10000 || img6: PSNR 18.509 || lpips 0.439 || ssim 0.674
2023-12-19 03:35:47,191 - root - INFO - iter 10000 || img7: PSNR 23.989 || lpips 0.295 || ssim 0.719
2023-12-19 03:35:47,222 - root - INFO - iter 10000 || Test: PSNR 21.504 || lpips 0.313 || ssim 0.684 || rmse 0.144
2023-12-19 03:35:47,223 - root - INFO - iter [00500/10000] psnr 20.815 lpips 0.502 ssim 0.642 rmse 0.105
2023-12-19 03:35:47,223 - root - INFO - iter [01000/10000] psnr 21.377 lpips 0.431 ssim 0.669 rmse 0.102
2023-12-19 03:35:47,223 - root - INFO - iter [01500/10000] psnr 21.797 lpips 0.377 ssim 0.677 rmse 0.103
2023-12-19 03:35:47,223 - root - INFO - iter [02000/10000] psnr 21.956 lpips 0.351 ssim 0.681 rmse 0.101
2023-12-19 03:35:47,223 - root - INFO - iter [02500/10000] psnr 22.163 lpips 0.337 ssim 0.686 rmse 0.101
2023-12-19 03:35:47,223 - root - INFO - iter [03000/10000] psnr 21.992 lpips 0.328 ssim 0.685 rmse 0.102
2023-12-19 03:35:47,223 - root - INFO - iter [03500/10000] psnr 22.120 lpips 0.324 ssim 0.688 rmse 0.105
2023-12-19 03:35:47,223 - root - INFO - iter [04000/10000] psnr 21.989 lpips 0.325 ssim 0.685 rmse 0.111
2023-12-19 03:35:47,223 - root - INFO - iter [04500/10000] psnr 22.157 lpips 0.316 ssim 0.688 rmse 0.108
2023-12-19 03:35:47,223 - root - INFO - iter [05000/10000] psnr 22.151 lpips 0.312 ssim 0.688 rmse 0.109
2023-12-19 03:35:47,224 - root - INFO - iter [05500/10000] psnr 22.043 lpips 0.312 ssim 0.688 rmse 0.111
2023-12-19 03:35:47,224 - root - INFO - iter [06000/10000] psnr 22.040 lpips 0.308 ssim 0.690 rmse 0.114
2023-12-19 03:35:47,224 - root - INFO - iter [06500/10000] psnr 22.036 lpips 0.309 ssim 0.689 rmse 0.122
2023-12-19 03:35:47,224 - root - INFO - iter [07000/10000] psnr 21.787 lpips 0.307 ssim 0.688 rmse 0.125
2023-12-19 03:35:47,224 - root - INFO - iter [07500/10000] psnr 21.876 lpips 0.307 ssim 0.686 rmse 0.129
2023-12-19 03:35:47,224 - root - INFO - iter [08000/10000] psnr 21.797 lpips 0.308 ssim 0.687 rmse 0.132
2023-12-19 03:35:47,224 - root - INFO - iter [08500/10000] psnr 21.666 lpips 0.310 ssim 0.687 rmse 0.136
2023-12-19 03:35:47,224 - root - INFO - iter [09000/10000] psnr 21.674 lpips 0.313 ssim 0.686 rmse 0.140
2023-12-19 03:35:47,224 - root - INFO - iter [09500/10000] psnr 21.540 lpips 0.319 ssim 0.686 rmse 0.147
2023-12-19 03:35:47,224 - root - INFO - iter [10000/10000] psnr 21.504 lpips 0.313 ssim 0.684 rmse 0.144
